<?xml version="1.0" encoding="UTF-8"?>
<testsuite xmlns:xsi="http://www.w3.org/2001/XMLSchema-instance" xsi:noNamespaceSchemaLocation="https://maven.apache.org/surefire/maven-surefire-plugin/xsd/surefire-test-report.xsd" name="Ejercicio5.FacturaTest" time="0.057" tests="3" errors="0" skipped="0" failures="0">
  <properties>
[...]
</properties>
  <testcase name="salidaFactura2" classname="Ejercicio5.FacturaTest" time="0.049"/>
  <testcase name="salidaFactura3" classname="Ejercicio5.FacturaTest" time="0"/>
  <testcase name="salidaFactura" classname="Ejercicio5.FacturaTest" time="0.001"/>
</testsuite>